[36m--[0m Using CATKIN_DEVEL_PREFIX: /home/abi/turtlebot_rl_ws/devel/.private/turtlebot_training
[36m--[0m Using CMAKE_PREFIX_PATH: /home/abi/turtlebot_rl_ws/devel;/home/abi/catkin_ws/devel;/home/abi/me5400_ws/devel;/home/abi/hexapod_vs/devel;/opt/ros/noetic
[36m--[0m This workspace overlays: /home/abi/turtlebot_rl_ws/devel;/home/abi/catkin_ws/devel;/home/abi/me5400_ws/devel;/home/abi/hexapod_vs/devel;/opt/ros/noetic
[36m--[0m Found PythonInterp: /usr/bin/python3 (found suitable version "3.8.10", minimum required is "3")
[36m--[0m Using PYTHON_EXECUTABLE: /usr/bin/python3
[36m--[0m Using Debian Python package layout
[36m--[0m Using empy: /usr/lib/python3/dist-packages/em.py
[36m--[0m Using CATKIN_ENABLE_TESTING: ON
[36m--[0m Call enable_testing()
[36m--[0m Using CATKIN_TEST_RESULTS_DIR: /home/abi/turtlebot_rl_ws/build/turtlebot_training/test_results
[36m--[0m Forcing gtest/gmock from source, though one was otherwise available.
[36m--[0m Found gtest sources under '/usr/src/googletest': gtests will be built
[36m--[0m Found gmock sources under '/usr/src/googletest': gmock will be built
[36m--[0m Found PythonInterp: /usr/bin/python3 (found version "3.8.10")
[36m--[0m Using Python nosetests: /usr/bin/nosetests3
[36m--[0m catkin 0.8.10
[36m--[0m BUILD_SHARED_LIBS is on
[36m--[0m Installing devel-space wrapper /home/abi/turtlebot_rl_ws/src/turtlebot_training/src/scripts/test.py to /home/abi/turtlebot_rl_ws/devel/.private/turtlebot_training/lib/turtlebot_training
[36m--[0m Installing devel-space wrapper /home/abi/turtlebot_rl_ws/src/turtlebot_training/src/scripts/turtlebot3_world.py to /home/abi/turtlebot_rl_ws/devel/.private/turtlebot_training/lib/turtlebot_training
[36m--[0m Installing devel-space wrapper /home/abi/turtlebot_rl_ws/src/turtlebot_training/src/scripts/turtlebot3_env.py to /home/abi/turtlebot_rl_ws/devel/.private/turtlebot_training/lib/turtlebot_training
[36m--[0m Installing devel-space wrapper /home/abi/turtlebot_rl_ws/src/turtlebot_training/src/scripts/robot_gazebo_env.py to /home/abi/turtlebot_rl_ws/devel/.private/turtlebot_training/lib/turtlebot_training
[36m--[0m Installing devel-space wrapper /home/abi/turtlebot_rl_ws/src/turtlebot_training/src/scripts/gazebo_connection.py to /home/abi/turtlebot_rl_ws/devel/.private/turtlebot_training/lib/turtlebot_training
[36m--[0m Installing devel-space wrapper /home/abi/turtlebot_rl_ws/src/turtlebot_training/src/scripts/controllers_connection.py to /home/abi/turtlebot_rl_ws/devel/.private/turtlebot_training/lib/turtlebot_training
[36m--[0m Configuring done
[36m--[0m Generating done
[36m--[0m Build files have been written to: /home/abi/turtlebot_rl_ws/build/turtlebot_training
